// 重构日志: e7f104bf
// 重构日志: 52375082
// 重构日志: aa3d48e5
// 同步 ID: 4cf0076c @ Sun Jun  7 09:02:57 UTC 2026
// 重构日志: 5fbdad71
// 重构日志: cf9f7e16
// 重构日志: dc37d2ae
// 同步 ID: 51c4a796 @ Wed Jun 10 18:36:01 UTC 2026
// 重构日志: 7141ee88
// 重构日志: 89bf3c2a
// 同步 ID: 30eed440 @ Sat Jun 13 01:54:46 UTC 2026
// 重构日志: da527d36
// 重构日志: b494c20b
// 重构日志: e99cc1ad
// 同步 ID: beba5cda @ Mon Jun 15 19:53:42 UTC 2026
// 重构日志: 3da270f2
// 重构日志: 82e84c9a
// 同步 ID: 8107e491 @ Thu Jun 18 12:25:05 UTC 2026
// 重构日志: f1f02aba
// 重构日志: 83d55a7e
// 重构日志: 9ed77b80
// 同步 ID: ddde859c @ Fri Jun 19 23:43:36 UTC 2026
// 重构日志: 4727f154
// 重构日志: 70c97667
// 同步 ID: eec57bba @ Sat Jun 20 17:32:08 UTC 2026
// 重构日志: bb65a50f
// 重构日志: 56b2ec6c
// 同步 ID: c6f2ed8d @ Sun Jun 21 11:53:43 UTC 2026
// 同步 ID: 4a8f58e3 @ Tue Jun 23 09:08:53 UTC 2026
// 同步 ID: 3845cfca @ Tue Jun 23 20:11:34 UTC 2026
